2024-07-29 08:36:34 | ERROR | cannot access local variable 'cursor' where it is not associated with a value
2024-07-29 08:36:34 | ERROR | Traceback (most recent call last):
  File "C:\Users\desar\OneDrive\Documentos\Backend-Alma\rh_Backend\src\services\EmpleadosOld.py", line 134, in save_empleado
    cursor.execute('''
    ^^^^^^
UnboundLocalError: cannot access local variable 'cursor' where it is not associated with a value

2024-07-29 10:01:39 | ERROR | Logger.add_to_log() missing 1 required positional argument: 'message'
2024-07-29 10:01:39 | ERROR | Traceback (most recent call last):
  File "C:\Users\desar\OneDrive\Documentos\Backend-Alma\rh_Backend\src\utils\Security.py", line 57, in verify_token
    Logger.add_to_log("Authorization header not found")
TypeError: Logger.add_to_log() missing 1 required positional argument: 'message'

2024-07-29 10:01:45 | ERROR | Logger.add_to_log() missing 1 required positional argument: 'message'
2024-07-29 10:01:45 | ERROR | Traceback (most recent call last):
  File "C:\Users\desar\OneDrive\Documentos\Backend-Alma\rh_Backend\src\utils\Security.py", line 57, in verify_token
    Logger.add_to_log("Authorization header not found")
TypeError: Logger.add_to_log() missing 1 required positional argument: 'message'

2024-07-29 13:26:38 | ERROR | Logger.add_to_log() missing 1 required positional argument: 'message'
2024-07-29 13:26:38 | ERROR | Traceback (most recent call last):
  File "C:\Users\desar\OneDrive\Documentos\Backend-Alma\rh_Backend\src\utils\Security.py", line 41, in verify_token
    payload = jwt.decode(encoded_token, cls.secret, algorithms=["HS256"])
              ^^^^^^^^^^^^^^^^^^^^^^^^^^^^^^^^^^^^^^^^^^^^^^^^^^^^^^^^^^^
  File "C:\Users\desar\OneDrive\Documentos\Backend-Alma\rh_Backend\venv\Lib\site-packages\jwt\api_jwt.py", line 210, in decode
    decoded = self.decode_complete(
              ^^^^^^^^^^^^^^^^^^^^^
  File "C:\Users\desar\OneDrive\Documentos\Backend-Alma\rh_Backend\venv\Lib\site-packages\jwt\api_jwt.py", line 162, in decode_complete
    self._validate_claims(
  File "C:\Users\desar\OneDrive\Documentos\Backend-Alma\rh_Backend\venv\Lib\site-packages\jwt\api_jwt.py", line 248, in _validate_claims
    self._validate_exp(payload, now, leeway)
  File "C:\Users\desar\OneDrive\Documentos\Backend-Alma\rh_Backend\venv\Lib\site-packages\jwt\api_jwt.py", line 306, in _validate_exp
    raise ExpiredSignatureError("Signature has expired")
jwt.exceptions.ExpiredSignatureError: Signature has expired

During handling of the above exception, another exception occurred:

Traceback (most recent call last):
  File "C:\Users\desar\OneDrive\Documentos\Backend-Alma\rh_Backend\src\utils\Security.py", line 51, in verify_token
    Logger.add_to_log(f"Error decoding token: {str(e)}")
TypeError: Logger.add_to_log() missing 1 required positional argument: 'message'

2024-07-29 14:16:57 | ERROR | Logger.add_to_log() missing 1 required positional argument: 'message'
2024-07-29 14:16:57 | ERROR | Traceback (most recent call last):
  File "C:\Users\desar\OneDrive\Documentos\Backend-Alma\rh_Backend\src\utils\Security.py", line 57, in verify_token
    Logger.add_to_log("Authorization header not found")
TypeError: Logger.add_to_log() missing 1 required positional argument: 'message'

2024-07-29 14:16:57 | ERROR | Logger.add_to_log() missing 1 required positional argument: 'message'
2024-07-29 14:16:57 | ERROR | Traceback (most recent call last):
  File "C:\Users\desar\OneDrive\Documentos\Backend-Alma\rh_Backend\src\utils\Security.py", line 57, in verify_token
    Logger.add_to_log("Authorization header not found")
TypeError: Logger.add_to_log() missing 1 required positional argument: 'message'

2024-07-29 14:16:57 | ERROR | Logger.add_to_log() missing 1 required positional argument: 'message'
2024-07-29 14:16:57 | ERROR | Logger.add_to_log() missing 1 required positional argument: 'message'
2024-07-29 14:16:57 | ERROR | Traceback (most recent call last):
  File "C:\Users\desar\OneDrive\Documentos\Backend-Alma\rh_Backend\src\utils\Security.py", line 57, in verify_token
    Logger.add_to_log("Authorization header not found")
TypeError: Logger.add_to_log() missing 1 required positional argument: 'message'

2024-07-29 14:16:57 | ERROR | Traceback (most recent call last):
  File "C:\Users\desar\OneDrive\Documentos\Backend-Alma\rh_Backend\src\utils\Security.py", line 57, in verify_token
    Logger.add_to_log("Authorization header not found")
TypeError: Logger.add_to_log() missing 1 required positional argument: 'message'

2024-07-29 14:16:57 | ERROR | Traceback (most recent call last):
  File "C:\Users\desar\OneDrive\Documentos\Backend-Alma\rh_Backend\src\utils\Security.py", line 57, in verify_token
    Logger.add_to_log("Authorization header not found")
TypeError: Logger.add_to_log() missing 1 required positional argument: 'message'

2024-07-29 14:16:57 | ERROR | Logger.add_to_log() missing 1 required positional argument: 'message'
2024-07-29 14:16:57 | ERROR | Traceback (most recent call last):
  File "C:\Users\desar\OneDrive\Documentos\Backend-Alma\rh_Backend\src\utils\Security.py", line 57, in verify_token
    Logger.add_to_log("Authorization header not found")
TypeError: Logger.add_to_log() missing 1 required positional argument: 'message'

2024-07-29 14:16:57 | ERROR | Logger.add_to_log() missing 1 required positional argument: 'message'
2024-07-29 14:16:57 | ERROR | Traceback (most recent call last):
  File "C:\Users\desar\OneDrive\Documentos\Backend-Alma\rh_Backend\src\utils\Security.py", line 57, in verify_token
    Logger.add_to_log("Authorization header not found")
TypeError: Logger.add_to_log() missing 1 required positional argument: 'message'

2024-07-29 14:16:57 | ERROR | Logger.add_to_log() missing 1 required positional argument: 'message'
2024-07-29 14:16:57 | ERROR | Traceback (most recent call last):
  File "C:\Users\desar\OneDrive\Documentos\Backend-Alma\rh_Backend\src\utils\Security.py", line 57, in verify_token
    Logger.add_to_log("Authorization header not found")
TypeError: Logger.add_to_log() missing 1 required positional argument: 'message'

2024-07-29 14:16:57 | ERROR | Logger.add_to_log() missing 1 required positional argument: 'message'
2024-07-29 14:16:57 | ERROR | Traceback (most recent call last):
  File "C:\Users\desar\OneDrive\Documentos\Backend-Alma\rh_Backend\src\utils\Security.py", line 57, in verify_token
    Logger.add_to_log("Authorization header not found")
TypeError: Logger.add_to_log() missing 1 required positional argument: 'message'

2024-07-29 14:17:32 | ERROR | Logger.add_to_log() missing 1 required positional argument: 'message'
2024-07-29 14:17:32 | ERROR | Traceback (most recent call last):
  File "C:\Users\desar\OneDrive\Documentos\Backend-Alma\rh_Backend\src\utils\Security.py", line 57, in verify_token
    Logger.add_to_log("Authorization header not found")
TypeError: Logger.add_to_log() missing 1 required positional argument: 'message'

2024-07-29 14:17:32 | ERROR | Logger.add_to_log() missing 1 required positional argument: 'message'
2024-07-29 14:17:32 | ERROR | Traceback (most recent call last):
  File "C:\Users\desar\OneDrive\Documentos\Backend-Alma\rh_Backend\src\utils\Security.py", line 57, in verify_token
    Logger.add_to_log("Authorization header not found")
TypeError: Logger.add_to_log() missing 1 required positional argument: 'message'

2024-07-29 14:17:32 | ERROR | Logger.add_to_log() missing 1 required positional argument: 'message'
2024-07-29 14:17:32 | ERROR | Traceback (most recent call last):
  File "C:\Users\desar\OneDrive\Documentos\Backend-Alma\rh_Backend\src\utils\Security.py", line 57, in verify_token
    Logger.add_to_log("Authorization header not found")
TypeError: Logger.add_to_log() missing 1 required positional argument: 'message'

2024-07-29 14:17:32 | ERROR | Logger.add_to_log() missing 1 required positional argument: 'message'
2024-07-29 14:17:32 | ERROR | Traceback (most recent call last):
  File "C:\Users\desar\OneDrive\Documentos\Backend-Alma\rh_Backend\src\utils\Security.py", line 57, in verify_token
    Logger.add_to_log("Authorization header not found")
TypeError: Logger.add_to_log() missing 1 required positional argument: 'message'

2024-07-29 14:17:32 | ERROR | Logger.add_to_log() missing 1 required positional argument: 'message'
2024-07-29 14:17:32 | ERROR | Traceback (most recent call last):
  File "C:\Users\desar\OneDrive\Documentos\Backend-Alma\rh_Backend\src\utils\Security.py", line 57, in verify_token
    Logger.add_to_log("Authorization header not found")
TypeError: Logger.add_to_log() missing 1 required positional argument: 'message'

2024-07-29 14:17:32 | ERROR | Logger.add_to_log() missing 1 required positional argument: 'message'
2024-07-29 14:17:32 | ERROR | Traceback (most recent call last):
  File "C:\Users\desar\OneDrive\Documentos\Backend-Alma\rh_Backend\src\utils\Security.py", line 57, in verify_token
    Logger.add_to_log("Authorization header not found")
TypeError: Logger.add_to_log() missing 1 required positional argument: 'message'

2024-07-29 14:17:32 | ERROR | Logger.add_to_log() missing 1 required positional argument: 'message'
2024-07-29 14:17:32 | ERROR | Traceback (most recent call last):
  File "C:\Users\desar\OneDrive\Documentos\Backend-Alma\rh_Backend\src\utils\Security.py", line 57, in verify_token
    Logger.add_to_log("Authorization header not found")
TypeError: Logger.add_to_log() missing 1 required positional argument: 'message'

2024-07-29 14:17:32 | ERROR | Logger.add_to_log() missing 1 required positional argument: 'message'
2024-07-29 14:17:32 | ERROR | Traceback (most recent call last):
  File "C:\Users\desar\OneDrive\Documentos\Backend-Alma\rh_Backend\src\utils\Security.py", line 57, in verify_token
    Logger.add_to_log("Authorization header not found")
TypeError: Logger.add_to_log() missing 1 required positional argument: 'message'

2024-07-29 14:17:48 | ERROR | Logger.add_to_log() missing 1 required positional argument: 'message'
2024-07-29 14:17:48 | ERROR | Traceback (most recent call last):
  File "C:\Users\desar\OneDrive\Documentos\Backend-Alma\rh_Backend\src\utils\Security.py", line 57, in verify_token
    Logger.add_to_log("Authorization header not found")
TypeError: Logger.add_to_log() missing 1 required positional argument: 'message'

2024-07-29 14:17:48 | ERROR | Logger.add_to_log() missing 1 required positional argument: 'message'
2024-07-29 14:17:48 | ERROR | Traceback (most recent call last):
  File "C:\Users\desar\OneDrive\Documentos\Backend-Alma\rh_Backend\src\utils\Security.py", line 57, in verify_token
    Logger.add_to_log("Authorization header not found")
TypeError: Logger.add_to_log() missing 1 required positional argument: 'message'

2024-07-29 14:17:48 | ERROR | Logger.add_to_log() missing 1 required positional argument: 'message'
2024-07-29 14:17:48 | ERROR | Traceback (most recent call last):
  File "C:\Users\desar\OneDrive\Documentos\Backend-Alma\rh_Backend\src\utils\Security.py", line 57, in verify_token
    Logger.add_to_log("Authorization header not found")
TypeError: Logger.add_to_log() missing 1 required positional argument: 'message'

2024-07-29 14:17:48 | ERROR | Logger.add_to_log() missing 1 required positional argument: 'message'
2024-07-29 14:17:48 | ERROR | Traceback (most recent call last):
  File "C:\Users\desar\OneDrive\Documentos\Backend-Alma\rh_Backend\src\utils\Security.py", line 57, in verify_token
    Logger.add_to_log("Authorization header not found")
TypeError: Logger.add_to_log() missing 1 required positional argument: 'message'

2024-07-29 14:17:48 | ERROR | Logger.add_to_log() missing 1 required positional argument: 'message'
2024-07-29 14:17:48 | ERROR | Traceback (most recent call last):
  File "C:\Users\desar\OneDrive\Documentos\Backend-Alma\rh_Backend\src\utils\Security.py", line 57, in verify_token
    Logger.add_to_log("Authorization header not found")
TypeError: Logger.add_to_log() missing 1 required positional argument: 'message'

2024-07-29 14:17:48 | ERROR | Logger.add_to_log() missing 1 required positional argument: 'message'
2024-07-29 14:17:48 | ERROR | Traceback (most recent call last):
  File "C:\Users\desar\OneDrive\Documentos\Backend-Alma\rh_Backend\src\utils\Security.py", line 57, in verify_token
    Logger.add_to_log("Authorization header not found")
TypeError: Logger.add_to_log() missing 1 required positional argument: 'message'

2024-07-29 14:17:48 | ERROR | Logger.add_to_log() missing 1 required positional argument: 'message'
2024-07-29 14:17:48 | ERROR | Traceback (most recent call last):
  File "C:\Users\desar\OneDrive\Documentos\Backend-Alma\rh_Backend\src\utils\Security.py", line 57, in verify_token
    Logger.add_to_log("Authorization header not found")
TypeError: Logger.add_to_log() missing 1 required positional argument: 'message'

2024-07-29 14:17:48 | ERROR | Logger.add_to_log() missing 1 required positional argument: 'message'
2024-07-29 14:17:48 | ERROR | Traceback (most recent call last):
  File "C:\Users\desar\OneDrive\Documentos\Backend-Alma\rh_Backend\src\utils\Security.py", line 57, in verify_token
    Logger.add_to_log("Authorization header not found")
TypeError: Logger.add_to_log() missing 1 required positional argument: 'message'

2024-07-29 14:18:58 | ERROR | Logger.add_to_log() missing 1 required positional argument: 'message'
2024-07-29 14:18:58 | ERROR | Traceback (most recent call last):
  File "C:\Users\desar\OneDrive\Documentos\Backend-Alma\rh_Backend\src\utils\Security.py", line 57, in verify_token
    Logger.add_to_log("Authorization header not found")
TypeError: Logger.add_to_log() missing 1 required positional argument: 'message'

2024-07-29 14:18:58 | ERROR | Logger.add_to_log() missing 1 required positional argument: 'message'
2024-07-29 14:18:58 | ERROR | Traceback (most recent call last):
  File "C:\Users\desar\OneDrive\Documentos\Backend-Alma\rh_Backend\src\utils\Security.py", line 57, in verify_token
    Logger.add_to_log("Authorization header not found")
TypeError: Logger.add_to_log() missing 1 required positional argument: 'message'

2024-07-29 14:18:58 | ERROR | Logger.add_to_log() missing 1 required positional argument: 'message'
2024-07-29 14:18:58 | ERROR | Traceback (most recent call last):
  File "C:\Users\desar\OneDrive\Documentos\Backend-Alma\rh_Backend\src\utils\Security.py", line 57, in verify_token
    Logger.add_to_log("Authorization header not found")
TypeError: Logger.add_to_log() missing 1 required positional argument: 'message'

2024-07-29 14:18:58 | ERROR | Logger.add_to_log() missing 1 required positional argument: 'message'
2024-07-29 14:18:58 | ERROR | Traceback (most recent call last):
  File "C:\Users\desar\OneDrive\Documentos\Backend-Alma\rh_Backend\src\utils\Security.py", line 57, in verify_token
    Logger.add_to_log("Authorization header not found")
TypeError: Logger.add_to_log() missing 1 required positional argument: 'message'

2024-07-29 14:18:58 | ERROR | Logger.add_to_log() missing 1 required positional argument: 'message'
2024-07-29 14:18:58 | ERROR | Traceback (most recent call last):
  File "C:\Users\desar\OneDrive\Documentos\Backend-Alma\rh_Backend\src\utils\Security.py", line 57, in verify_token
    Logger.add_to_log("Authorization header not found")
TypeError: Logger.add_to_log() missing 1 required positional argument: 'message'

2024-07-29 14:18:59 | ERROR | Logger.add_to_log() missing 1 required positional argument: 'message'
2024-07-29 14:18:59 | ERROR | Traceback (most recent call last):
  File "C:\Users\desar\OneDrive\Documentos\Backend-Alma\rh_Backend\src\utils\Security.py", line 57, in verify_token
    Logger.add_to_log("Authorization header not found")
TypeError: Logger.add_to_log() missing 1 required positional argument: 'message'

2024-07-29 14:18:59 | ERROR | Logger.add_to_log() missing 1 required positional argument: 'message'
2024-07-29 14:18:59 | ERROR | Traceback (most recent call last):
  File "C:\Users\desar\OneDrive\Documentos\Backend-Alma\rh_Backend\src\utils\Security.py", line 57, in verify_token
    Logger.add_to_log("Authorization header not found")
TypeError: Logger.add_to_log() missing 1 required positional argument: 'message'

2024-07-29 14:18:59 | ERROR | Logger.add_to_log() missing 1 required positional argument: 'message'
2024-07-29 14:18:59 | ERROR | Traceback (most recent call last):
  File "C:\Users\desar\OneDrive\Documentos\Backend-Alma\rh_Backend\src\utils\Security.py", line 57, in verify_token
    Logger.add_to_log("Authorization header not found")
TypeError: Logger.add_to_log() missing 1 required positional argument: 'message'

2024-07-29 14:24:54 | ERROR | Logger.add_to_log() missing 1 required positional argument: 'message'
2024-07-29 14:24:54 | ERROR | Traceback (most recent call last):
  File "C:\Users\desar\OneDrive\Documentos\Backend-Alma\rh_Backend\src\utils\Security.py", line 57, in verify_token
    Logger.add_to_log("Authorization header not found")
TypeError: Logger.add_to_log() missing 1 required positional argument: 'message'

2024-07-29 14:24:54 | ERROR | Logger.add_to_log() missing 1 required positional argument: 'message'
2024-07-29 14:24:54 | ERROR | Traceback (most recent call last):
  File "C:\Users\desar\OneDrive\Documentos\Backend-Alma\rh_Backend\src\utils\Security.py", line 57, in verify_token
    Logger.add_to_log("Authorization header not found")
TypeError: Logger.add_to_log() missing 1 required positional argument: 'message'

2024-07-29 14:24:54 | ERROR | Logger.add_to_log() missing 1 required positional argument: 'message'
2024-07-29 14:24:54 | ERROR | Traceback (most recent call last):
  File "C:\Users\desar\OneDrive\Documentos\Backend-Alma\rh_Backend\src\utils\Security.py", line 57, in verify_token
    Logger.add_to_log("Authorization header not found")
TypeError: Logger.add_to_log() missing 1 required positional argument: 'message'

2024-07-29 14:24:54 | ERROR | Logger.add_to_log() missing 1 required positional argument: 'message'
2024-07-29 14:24:54 | ERROR | Traceback (most recent call last):
  File "C:\Users\desar\OneDrive\Documentos\Backend-Alma\rh_Backend\src\utils\Security.py", line 57, in verify_token
    Logger.add_to_log("Authorization header not found")
TypeError: Logger.add_to_log() missing 1 required positional argument: 'message'

2024-07-29 14:24:54 | ERROR | Logger.add_to_log() missing 1 required positional argument: 'message'
2024-07-29 14:24:54 | ERROR | Traceback (most recent call last):
  File "C:\Users\desar\OneDrive\Documentos\Backend-Alma\rh_Backend\src\utils\Security.py", line 57, in verify_token
    Logger.add_to_log("Authorization header not found")
TypeError: Logger.add_to_log() missing 1 required positional argument: 'message'

2024-07-29 14:24:54 | ERROR | Logger.add_to_log() missing 1 required positional argument: 'message'
2024-07-29 14:24:54 | ERROR | Traceback (most recent call last):
  File "C:\Users\desar\OneDrive\Documentos\Backend-Alma\rh_Backend\src\utils\Security.py", line 57, in verify_token
    Logger.add_to_log("Authorization header not found")
TypeError: Logger.add_to_log() missing 1 required positional argument: 'message'

2024-07-29 14:24:54 | ERROR | Logger.add_to_log() missing 1 required positional argument: 'message'
2024-07-29 14:24:54 | ERROR | Traceback (most recent call last):
  File "C:\Users\desar\OneDrive\Documentos\Backend-Alma\rh_Backend\src\utils\Security.py", line 57, in verify_token
    Logger.add_to_log("Authorization header not found")
TypeError: Logger.add_to_log() missing 1 required positional argument: 'message'

2024-07-29 14:24:54 | ERROR | Logger.add_to_log() missing 1 required positional argument: 'message'
2024-07-29 14:24:54 | ERROR | Traceback (most recent call last):
  File "C:\Users\desar\OneDrive\Documentos\Backend-Alma\rh_Backend\src\utils\Security.py", line 57, in verify_token
    Logger.add_to_log("Authorization header not found")
TypeError: Logger.add_to_log() missing 1 required positional argument: 'message'

2024-07-29 14:25:17 | ERROR | Logger.add_to_log() missing 1 required positional argument: 'message'
2024-07-29 14:25:17 | ERROR | Traceback (most recent call last):
  File "C:\Users\desar\OneDrive\Documentos\Backend-Alma\rh_Backend\src\utils\Security.py", line 57, in verify_token
    Logger.add_to_log("Authorization header not found")
TypeError: Logger.add_to_log() missing 1 required positional argument: 'message'

2024-07-29 14:25:17 | ERROR | Logger.add_to_log() missing 1 required positional argument: 'message'
2024-07-29 14:25:17 | ERROR | Traceback (most recent call last):
  File "C:\Users\desar\OneDrive\Documentos\Backend-Alma\rh_Backend\src\utils\Security.py", line 57, in verify_token
    Logger.add_to_log("Authorization header not found")
TypeError: Logger.add_to_log() missing 1 required positional argument: 'message'

2024-07-29 14:25:17 | ERROR | Logger.add_to_log() missing 1 required positional argument: 'message'
2024-07-29 14:25:17 | ERROR | Traceback (most recent call last):
  File "C:\Users\desar\OneDrive\Documentos\Backend-Alma\rh_Backend\src\utils\Security.py", line 57, in verify_token
    Logger.add_to_log("Authorization header not found")
TypeError: Logger.add_to_log() missing 1 required positional argument: 'message'

2024-07-29 14:25:17 | ERROR | Logger.add_to_log() missing 1 required positional argument: 'message'
2024-07-29 14:25:17 | ERROR | Traceback (most recent call last):
  File "C:\Users\desar\OneDrive\Documentos\Backend-Alma\rh_Backend\src\utils\Security.py", line 57, in verify_token
    Logger.add_to_log("Authorization header not found")
TypeError: Logger.add_to_log() missing 1 required positional argument: 'message'

2024-07-29 14:25:17 | ERROR | Logger.add_to_log() missing 1 required positional argument: 'message'
2024-07-29 14:25:17 | ERROR | Traceback (most recent call last):
  File "C:\Users\desar\OneDrive\Documentos\Backend-Alma\rh_Backend\src\utils\Security.py", line 57, in verify_token
    Logger.add_to_log("Authorization header not found")
TypeError: Logger.add_to_log() missing 1 required positional argument: 'message'

2024-07-29 14:25:17 | ERROR | Logger.add_to_log() missing 1 required positional argument: 'message'
2024-07-29 14:25:17 | ERROR | Traceback (most recent call last):
  File "C:\Users\desar\OneDrive\Documentos\Backend-Alma\rh_Backend\src\utils\Security.py", line 57, in verify_token
    Logger.add_to_log("Authorization header not found")
TypeError: Logger.add_to_log() missing 1 required positional argument: 'message'

2024-07-29 14:25:17 | ERROR | Logger.add_to_log() missing 1 required positional argument: 'message'
2024-07-29 14:25:17 | ERROR | Traceback (most recent call last):
  File "C:\Users\desar\OneDrive\Documentos\Backend-Alma\rh_Backend\src\utils\Security.py", line 57, in verify_token
    Logger.add_to_log("Authorization header not found")
TypeError: Logger.add_to_log() missing 1 required positional argument: 'message'

2024-07-29 14:25:17 | ERROR | Logger.add_to_log() missing 1 required positional argument: 'message'
2024-07-29 14:25:17 | ERROR | Traceback (most recent call last):
  File "C:\Users\desar\OneDrive\Documentos\Backend-Alma\rh_Backend\src\utils\Security.py", line 57, in verify_token
    Logger.add_to_log("Authorization header not found")
TypeError: Logger.add_to_log() missing 1 required positional argument: 'message'

2024-07-29 14:28:02 | ERROR | Logger.add_to_log() missing 1 required positional argument: 'message'
2024-07-29 14:28:02 | ERROR | Traceback (most recent call last):
  File "C:\Users\desar\OneDrive\Documentos\Backend-Alma\rh_Backend\src\utils\Security.py", line 57, in verify_token
    Logger.add_to_log("Authorization header not found")
TypeError: Logger.add_to_log() missing 1 required positional argument: 'message'

2024-07-29 14:28:02 | ERROR | Logger.add_to_log() missing 1 required positional argument: 'message'
2024-07-29 14:28:02 | ERROR | Logger.add_to_log() missing 1 required positional argument: 'message'
2024-07-29 14:28:02 | ERROR | Traceback (most recent call last):
  File "C:\Users\desar\OneDrive\Documentos\Backend-Alma\rh_Backend\src\utils\Security.py", line 57, in verify_token
    Logger.add_to_log("Authorization header not found")
TypeError: Logger.add_to_log() missing 1 required positional argument: 'message'

2024-07-29 14:28:03 | ERROR | Traceback (most recent call last):
  File "C:\Users\desar\OneDrive\Documentos\Backend-Alma\rh_Backend\src\utils\Security.py", line 57, in verify_token
    Logger.add_to_log("Authorization header not found")
TypeError: Logger.add_to_log() missing 1 required positional argument: 'message'

2024-07-29 14:28:03 | ERROR | Logger.add_to_log() missing 1 required positional argument: 'message'
2024-07-29 14:28:03 | ERROR | Traceback (most recent call last):
  File "C:\Users\desar\OneDrive\Documentos\Backend-Alma\rh_Backend\src\utils\Security.py", line 57, in verify_token
    Logger.add_to_log("Authorization header not found")
TypeError: Logger.add_to_log() missing 1 required positional argument: 'message'

2024-07-29 14:28:18 | ERROR | Logger.add_to_log() missing 1 required positional argument: 'message'
2024-07-29 14:28:18 | ERROR | Traceback (most recent call last):
  File "C:\Users\desar\OneDrive\Documentos\Backend-Alma\rh_Backend\src\utils\Security.py", line 57, in verify_token
    Logger.add_to_log("Authorization header not found")
TypeError: Logger.add_to_log() missing 1 required positional argument: 'message'

2024-07-29 14:28:18 | ERROR | Logger.add_to_log() missing 1 required positional argument: 'message'
2024-07-29 14:28:18 | ERROR | Traceback (most recent call last):
  File "C:\Users\desar\OneDrive\Documentos\Backend-Alma\rh_Backend\src\utils\Security.py", line 57, in verify_token
    Logger.add_to_log("Authorization header not found")
TypeError: Logger.add_to_log() missing 1 required positional argument: 'message'

2024-07-29 14:28:18 | ERROR | Logger.add_to_log() missing 1 required positional argument: 'message'
2024-07-29 14:28:18 | ERROR | Traceback (most recent call last):
  File "C:\Users\desar\OneDrive\Documentos\Backend-Alma\rh_Backend\src\utils\Security.py", line 57, in verify_token
    Logger.add_to_log("Authorization header not found")
TypeError: Logger.add_to_log() missing 1 required positional argument: 'message'

2024-07-29 14:28:18 | ERROR | Logger.add_to_log() missing 1 required positional argument: 'message'
2024-07-29 14:28:18 | ERROR | Traceback (most recent call last):
  File "C:\Users\desar\OneDrive\Documentos\Backend-Alma\rh_Backend\src\utils\Security.py", line 57, in verify_token
    Logger.add_to_log("Authorization header not found")
TypeError: Logger.add_to_log() missing 1 required positional argument: 'message'

2024-07-29 14:31:32 | ERROR | Logger.add_to_log() missing 1 required positional argument: 'message'
2024-07-29 14:31:32 | ERROR | Traceback (most recent call last):
  File "C:\Users\desar\OneDrive\Documentos\Backend-Alma\rh_Backend\src\utils\Security.py", line 57, in verify_token
    Logger.add_to_log("Authorization header not found")
TypeError: Logger.add_to_log() missing 1 required positional argument: 'message'

2024-07-29 14:31:32 | ERROR | Logger.add_to_log() missing 1 required positional argument: 'message'
2024-07-29 14:31:32 | ERROR | Traceback (most recent call last):
  File "C:\Users\desar\OneDrive\Documentos\Backend-Alma\rh_Backend\src\utils\Security.py", line 57, in verify_token
    Logger.add_to_log("Authorization header not found")
TypeError: Logger.add_to_log() missing 1 required positional argument: 'message'

2024-07-29 14:31:33 | ERROR | Logger.add_to_log() missing 1 required positional argument: 'message'
2024-07-29 14:31:33 | ERROR | Traceback (most recent call last):
  File "C:\Users\desar\OneDrive\Documentos\Backend-Alma\rh_Backend\src\utils\Security.py", line 57, in verify_token
    Logger.add_to_log("Authorization header not found")
TypeError: Logger.add_to_log() missing 1 required positional argument: 'message'

2024-07-29 14:31:33 | ERROR | Logger.add_to_log() missing 1 required positional argument: 'message'
2024-07-29 14:31:33 | ERROR | Traceback (most recent call last):
  File "C:\Users\desar\OneDrive\Documentos\Backend-Alma\rh_Backend\src\utils\Security.py", line 57, in verify_token
    Logger.add_to_log("Authorization header not found")
TypeError: Logger.add_to_log() missing 1 required positional argument: 'message'

2024-07-29 14:41:27 | ERROR | Logger.add_to_log() missing 1 required positional argument: 'message'
2024-07-29 14:41:27 | ERROR | Logger.add_to_log() missing 1 required positional argument: 'message'
umentos\Backend-Alma\rh_Backend\src\utils\Security.py", line 57, in verify_token
    Logger.add_to_log("Authorization header not found")
TypeError: Logger.add_to_log() missing 1 required positional argument: 'message'

2024-07-29 14:41:27 | ERROR | Traceback (most recent call last):
  File "C:\Users\desar\OneDrive\Documentos\Backend-Alma\rh_Backend\src\utils\Security.py", line 57, in verify_token
    Logger.add_to_log("Authorization header not found")
TypeError: Logger.add_to_log() missing 1 required positional argument: 'message'

2024-07-29 14:41:27 | ERROR | Logger.add_to_log() missing 1 required positional argument: 'message'
2024-07-29 14:41:27 | ERROR | Traceback (most recent call last):
  File "C:\Users\desar\OneDrive\Documentos\Backend-Alma\rh_Backend\src\utils\Security.py", line 57, in verify_token
    Logger.add_to_log("Authorization header not found")
TypeError: Logger.add_to_log() missing 1 required positional argument: 'message'

2024-07-29 14:41:28 | ERROR | Logger.add_to_log() missing 1 required positional argument: 'message'
2024-07-29 14:41:28 | ERROR | Traceback (most recent call last):
  File "C:\Users\desar\OneDrive\Documentos\Backend-Alma\rh_Backend\src\utils\Security.py", line 57, in verify_token
    Logger.add_to_log("Authorization header not found")
TypeError: Logger.add_to_log() missing 1 required positional argument: 'message'

2024-07-29 14:41:28 | ERROR | Logger.add_to_log() missing 1 required positional argument: 'message'
2024-07-29 14:41:28 | ERROR | Traceback (most recent call last):
  File "C:\Users\desar\OneDrive\Documentos\Backend-Alma\rh_Backend\src\utils\Security.py", line 57, in verify_token
    Logger.add_to_log("Authorization header not found")
TypeError: Logger.add_to_log() missing 1 required positional argument: 'message'

2024-07-29 14:41:28 | ERROR | Logger.add_to_log() missing 1 required positional argument: 'message'
2024-07-29 14:41:28 | ERROR | Traceback (most recent call last):
  File "C:\Users\desar\OneDrive\Documentos\Backend-Alma\rh_Backend\src\utils\Security.py", line 57, in verify_token
    Logger.add_to_log("Authorization header not found")
TypeError: Logger.add_to_log() missing 1 required positional argument: 'message'

2024-07-29 14:41:28 | ERROR | Logger.add_to_log() missing 1 required positional argument: 'message'
2024-07-29 14:41:28 | ERROR | Traceback (most recent call last):
  File "C:\Users\desar\OneDrive\Documentos\Backend-Alma\rh_Backend\src\utils\Security.py", line 57, in verify_token
    Logger.add_to_log("Authorization header not found")
TypeError: Logger.add_to_log() missing 1 required positional argument: 'message'

2024-07-29 14:41:28 | ERROR | Logger.add_to_log() missing 1 required positional argument: 'message'
2024-07-29 14:41:28 | ERROR | Traceback (most recent call last):
  File "C:\Users\desar\OneDrive\Documentos\Backend-Alma\rh_Backend\src\utils\Security.py", line 57, in verify_token
    Logger.add_to_log("Authorization header not found")
TypeError: Logger.add_to_log() missing 1 required positional argument: 'message'

2024-07-29 15:22:43 | ERROR | 'tuple' object has no attribute 'append'
2024-07-29 15:22:43 | ERROR | Traceback (most recent call last):
  File "C:\Users\desar\OneDrive\Documentos\Backend-Alma\rh_Backend\src\services\EmpleadosOld.py", line 505, in get_cumpleaños_mes
    cumpleaños.append(empleado)
    ^^^^^^^^^^^^^^^^^
AttributeError: 'tuple' object has no attribute 'append'

